<?xml version="1.0" encoding="UTF-8"?>
<coverage generated="1615907282969" clover="3.2.0">
  <project timestamp="1615907282969" name="All files">
    <metrics statements="210" coveredstatements="148" conditionals="72" coveredconditionals="54" methods="40" coveredmethods="28" elements="322" coveredelements="230" complexity="0" loc="210" ncloc="210" packages="1" files="1" classes="1"/>
    <file name="KG.vue" path="/Users/cpk/WebstormProjects/fronted-coin/src/components/KG.vue">
      <metrics statements="210" coveredstatements="148" conditionals="72" coveredconditionals="54" methods="40" coveredmethods="28"/>
      <line num="178" count="1" type="stmt"/>
      <line num="180" count="1" type="stmt"/>
      <line num="186" count="16" type="stmt"/>
      <line num="254" count="16" type="stmt"/>
      <line num="259" count="5" type="stmt"/>
      <line num="260" count="5" type="cond" truecount="2" falsecount="0"/>
      <line num="261" count="1" type="stmt"/>
      <line num="264" count="4" type="cond" truecount="2" falsecount="0"/>
      <line num="265" count="1" type="stmt"/>
      <line num="266" count="3" type="cond" truecount="2" falsecount="0"/>
      <line num="268" count="1" type="stmt"/>
      <line num="269" count="2" type="cond" truecount="2" falsecount="0"/>
      <line num="271" count="1" type="stmt"/>
      <line num="274" count="1" type="stmt"/>
      <line num="279" count="1" type="stmt"/>
      <line num="280" count="1" type="cond" truecount="1" falsecount="1"/>
      <line num="281" count="1" type="stmt"/>
      <line num="286" count="1" type="stmt"/>
      <line num="287" count="1" type="cond" truecount="1" falsecount="1"/>
      <line num="288" count="1" type="stmt"/>
      <line num="293" count="4" type="cond" truecount="2" falsecount="0"/>
      <line num="294" count="1" type="stmt"/>
      <line num="296" count="3" type="cond" truecount="2" falsecount="0"/>
      <line num="297" count="1" type="stmt"/>
      <line num="298" count="1" type="stmt"/>
      <line num="299" count="2" type="cond" truecount="2" falsecount="0"/>
      <line num="301" count="1" type="stmt"/>
      <line num="303" count="1" type="stmt"/>
      <line num="308" count="2" type="stmt"/>
      <line num="309" count="2" type="cond" truecount="2" falsecount="0"/>
      <line num="310" count="1" type="stmt"/>
      <line num="313" count="2" type="cond" truecount="2" falsecount="0"/>
      <line num="314" count="3" type="stmt"/>
      <line num="316" count="1" type="stmt"/>
      <line num="319" count="1" type="stmt"/>
      <line num="325" count="17" type="stmt"/>
      <line num="326" count="17" type="stmt"/>
      <line num="328" count="0" type="stmt"/>
      <line num="330" count="0" type="stmt"/>
      <line num="331" count="0" type="stmt"/>
      <line num="332" count="0" type="stmt"/>
      <line num="333" count="0" type="stmt"/>
      <line num="335" count="0" type="stmt"/>
      <line num="336" count="0" type="stmt"/>
      <line num="340" count="0" type="stmt"/>
      <line num="341" count="0" type="stmt"/>
      <line num="342" count="0" type="stmt"/>
      <line num="343" count="0" type="stmt"/>
      <line num="344" count="0" type="stmt"/>
      <line num="345" count="0" type="stmt"/>
      <line num="346" count="0" type="stmt"/>
      <line num="348" count="0" type="stmt"/>
      <line num="349" count="0" type="stmt"/>
      <line num="350" count="0" type="stmt"/>
      <line num="351" count="0" type="stmt"/>
      <line num="353" count="0" type="stmt"/>
      <line num="354" count="0" type="stmt"/>
      <line num="355" count="0" type="stmt"/>
      <line num="356" count="0" type="stmt"/>
      <line num="358" count="0" type="stmt"/>
      <line num="365" count="1" type="stmt"/>
      <line num="367" count="1" type="stmt"/>
      <line num="369" count="1" type="stmt"/>
      <line num="370" count="1" type="stmt"/>
      <line num="371" count="2" type="stmt"/>
      <line num="375" count="1" type="stmt"/>
      <line num="376" count="1" type="cond" truecount="1" falsecount="1"/>
      <line num="377" count="1" type="stmt"/>
      <line num="380" count="1" type="stmt"/>
      <line num="388" count="1" type="stmt"/>
      <line num="457" count="1" type="stmt"/>
      <line num="458" count="1" type="stmt"/>
      <line num="459" count="2" type="stmt"/>
      <line num="463" count="1" type="stmt"/>
      <line num="464" count="1" type="cond" truecount="1" falsecount="1"/>
      <line num="465" count="1" type="stmt"/>
      <line num="468" count="1" type="stmt"/>
      <line num="476" count="1" type="stmt"/>
      <line num="507" count="1" type="stmt"/>
      <line num="508" count="1" type="stmt"/>
      <line num="509" count="2" type="stmt"/>
      <line num="513" count="1" type="stmt"/>
      <line num="514" count="1" type="cond" truecount="1" falsecount="1"/>
      <line num="515" count="1" type="stmt"/>
      <line num="518" count="1" type="stmt"/>
      <line num="526" count="1" type="stmt"/>
      <line num="563" count="1" type="stmt"/>
      <line num="568" count="1" type="stmt"/>
      <line num="569" count="1" type="stmt"/>
      <line num="573" count="3" type="stmt"/>
      <line num="575" count="3" type="stmt"/>
      <line num="576" count="3" type="stmt"/>
      <line num="578" count="1" type="stmt"/>
      <line num="579" count="1" type="stmt"/>
      <line num="581" count="1" type="stmt"/>
      <line num="582" count="1" type="stmt"/>
      <line num="584" count="1" type="stmt"/>
      <line num="585" count="1" type="stmt"/>
      <line num="592" count="2" type="stmt"/>
      <line num="593" count="2" type="cond" truecount="2" falsecount="0"/>
      <line num="594" count="1" type="stmt"/>
      <line num="595" count="1" type="stmt"/>
      <line num="598" count="1" type="stmt"/>
      <line num="600" count="1" type="stmt"/>
      <line num="601" count="1" type="stmt"/>
      <line num="602" count="0" type="stmt"/>
      <line num="603" count="0" type="stmt"/>
      <line num="604" count="0" type="stmt"/>
      <line num="607" count="1" type="stmt"/>
      <line num="612" count="9" type="cond" truecount="2" falsecount="0"/>
      <line num="613" count="1" type="stmt"/>
      <line num="614" count="1" type="stmt"/>
      <line num="616" count="8" type="cond" truecount="2" falsecount="0"/>
      <line num="617" count="1" type="stmt"/>
      <line num="618" count="1" type="stmt"/>
      <line num="620" count="7" type="cond" truecount="2" falsecount="0"/>
      <line num="621" count="1" type="stmt"/>
      <line num="622" count="1" type="stmt"/>
      <line num="625" count="6" type="cond" truecount="5" falsecount="0"/>
      <line num="626" count="1" type="stmt"/>
      <line num="629" count="5" type="stmt"/>
      <line num="630" count="5" type="stmt"/>
      <line num="631" count="5" type="cond" truecount="4" falsecount="0"/>
      <line num="632" count="1" type="stmt"/>
      <line num="633" count="1" type="stmt"/>
      <line num="637" count="4" type="stmt"/>
      <line num="638" count="4" type="stmt"/>
      <line num="639" count="4" type="cond" truecount="5" falsecount="0"/>
      <line num="640" count="1" type="stmt"/>
      <line num="641" count="1" type="stmt"/>
      <line num="644" count="3" type="stmt"/>
      <line num="645" count="3" type="stmt"/>
      <line num="646" count="3" type="cond" truecount="2" falsecount="0"/>
      <line num="647" count="1" type="stmt"/>
      <line num="648" count="1" type="stmt"/>
      <line num="652" count="2" type="cond" truecount="4" falsecount="0"/>
      <line num="653" count="1" type="stmt"/>
      <line num="654" count="1" type="stmt"/>
      <line num="655" count="1" type="stmt"/>
      <line num="656" count="1" type="stmt"/>
      <line num="657" count="1" type="stmt"/>
      <line num="661" count="2" type="stmt"/>
      <line num="662" count="2" type="stmt"/>
      <line num="666" count="1" type="stmt"/>
      <line num="667" count="1" type="stmt"/>
      <line num="672" count="1" type="stmt"/>
      <line num="673" count="1" type="stmt"/>
      <line num="674" count="1" type="stmt"/>
      <line num="675" count="1" type="stmt"/>
      <line num="676" count="1" type="stmt"/>
      <line num="680" count="1" type="stmt"/>
      <line num="681" count="1" type="stmt"/>
      <line num="682" count="1" type="stmt"/>
      <line num="683" count="1" type="stmt"/>
      <line num="684" count="1" type="stmt"/>
      <line num="685" count="1" type="stmt"/>
      <line num="686" count="1" type="stmt"/>
      <line num="687" count="1" type="stmt"/>
      <line num="691" count="1" type="stmt"/>
      <line num="692" count="1" type="stmt"/>
      <line num="693" count="1" type="stmt"/>
      <line num="694" count="1" type="stmt"/>
      <line num="695" count="1" type="stmt"/>
      <line num="696" count="1" type="stmt"/>
      <line num="697" count="1" type="stmt"/>
      <line num="698" count="1" type="stmt"/>
      <line num="699" count="1" type="stmt"/>
      <line num="700" count="1" type="stmt"/>
      <line num="701" count="1" type="stmt"/>
      <line num="702" count="1" type="stmt"/>
      <line num="706" count="0" type="stmt"/>
      <line num="707" count="0" type="stmt"/>
      <line num="708" count="0" type="stmt"/>
      <line num="712" count="0" type="stmt"/>
      <line num="713" count="0" type="stmt"/>
      <line num="714" count="0" type="stmt"/>
      <line num="715" count="0" type="stmt"/>
      <line num="728" count="0" type="stmt"/>
      <line num="732" count="1" type="stmt"/>
      <line num="733" count="1" type="stmt"/>
      <line num="737" count="1" type="stmt"/>
      <line num="738" count="1" type="stmt"/>
      <line num="742" count="0" type="stmt"/>
      <line num="743" count="0" type="stmt"/>
      <line num="744" count="0" type="stmt"/>
      <line num="749" count="0" type="stmt"/>
      <line num="750" count="0" type="cond" truecount="0" falsecount="2"/>
      <line num="751" count="0" type="cond" truecount="0" falsecount="2"/>
      <line num="752" count="0" type="stmt"/>
      <line num="759" count="0" type="stmt"/>
      <line num="760" count="0" type="stmt"/>
      <line num="761" count="0" type="stmt"/>
      <line num="762" count="0" type="stmt"/>
      <line num="763" count="0" type="cond" truecount="0" falsecount="2"/>
      <line num="764" count="0" type="stmt"/>
      <line num="768" count="0" type="stmt"/>
      <line num="769" count="0" type="stmt"/>
      <line num="770" count="0" type="stmt"/>
      <line num="772" count="0" type="stmt"/>
      <line num="777" count="0" type="stmt"/>
      <line num="778" count="0" type="stmt"/>
      <line num="779" count="0" type="stmt"/>
      <line num="780" count="0" type="stmt"/>
      <line num="781" count="0" type="stmt"/>
      <line num="786" count="0" type="cond" truecount="0" falsecount="2"/>
      <line num="787" count="0" type="stmt"/>
      <line num="788" count="0" type="stmt"/>
      <line num="789" count="0" type="cond" truecount="0" falsecount="2"/>
      <line num="790" count="0" type="stmt"/>
      <line num="791" count="0" type="stmt"/>
    </file>
  </project>
</coverage>
