{"/Users/cpk/WebstormProjects/fronted-coin/src/components/KG.vue": {"path":"/Users/cpk/WebstormProjects/fronted-coin/src/components/KG.vue","statementMap":{"0":{"start":{"line":178,"column":0},"end":{"line":178,"column":null}},"1":{"start":{"line":180,"column":0},"end":{"line":180,"column":null}},"2":{"start":{"line":186,"column":0},"end":{"line":186,"column":null}},"3":{"start":{"line":254,"column":0},"end":{"line":254,"column":null}},"4":{"start":{"line":259,"column":0},"end":{"line":259,"column":null}},"5":{"start":{"line":260,"column":0},"end":{"line":262,"column":null}},"6":{"start":{"line":261,"column":0},"end":{"line":261,"column":null}},"7":{"start":{"line":264,"column":0},"end":{"line":275,"column":null}},"8":{"start":{"line":265,"column":0},"end":{"line":265,"column":null}},"9":{"start":{"line":266,"column":0},"end":{"line":275,"column":null}},"10":{"start":{"line":268,"column":0},"end":{"line":268,"column":null}},"11":{"start":{"line":269,"column":0},"end":{"line":275,"column":null}},"12":{"start":{"line":271,"column":0},"end":{"line":271,"column":null}},"13":{"start":{"line":274,"column":0},"end":{"line":274,"column":null}},"14":{"start":{"line":279,"column":0},"end":{"line":279,"column":null}},"15":{"start":{"line":280,"column":0},"end":{"line":282,"column":null}},"16":{"start":{"line":281,"column":0},"end":{"line":281,"column":null}},"17":{"start":{"line":286,"column":0},"end":{"line":286,"column":null}},"18":{"start":{"line":287,"column":0},"end":{"line":289,"column":null}},"19":{"start":{"line":288,"column":0},"end":{"line":288,"column":null}},"20":{"start":{"line":293,"column":0},"end":{"line":295,"column":null}},"21":{"start":{"line":294,"column":0},"end":{"line":294,"column":null}},"22":{"start":{"line":296,"column":0},"end":{"line":304,"column":null}},"23":{"start":{"line":297,"column":0},"end":{"line":297,"column":null}},"24":{"start":{"line":298,"column":0},"end":{"line":298,"column":null}},"25":{"start":{"line":299,"column":0},"end":{"line":304,"column":null}},"26":{"start":{"line":301,"column":0},"end":{"line":301,"column":null}},"27":{"start":{"line":303,"column":0},"end":{"line":303,"column":null}},"28":{"start":{"line":308,"column":0},"end":{"line":308,"column":null}},"29":{"start":{"line":309,"column":0},"end":{"line":311,"column":null}},"30":{"start":{"line":310,"column":0},"end":{"line":310,"column":null}},"31":{"start":{"line":313,"column":0},"end":{"line":320,"column":null}},"32":{"start":{"line":314,"column":0},"end":{"line":314,"column":null}},"33":{"start":{"line":316,"column":0},"end":{"line":316,"column":null}},"34":{"start":{"line":319,"column":0},"end":{"line":319,"column":null}},"35":{"start":{"line":325,"column":0},"end":{"line":325,"column":null}},"36":{"start":{"line":326,"column":0},"end":{"line":361,"column":null}},"37":{"start":{"line":328,"column":0},"end":{"line":328,"column":null}},"38":{"start":{"line":330,"column":0},"end":{"line":330,"column":null}},"39":{"start":{"line":331,"column":0},"end":{"line":331,"column":null}},"40":{"start":{"line":332,"column":0},"end":{"line":337,"column":null}},"41":{"start":{"line":333,"column":0},"end":{"line":333,"column":null}},"42":{"start":{"line":335,"column":0},"end":{"line":335,"column":null}},"43":{"start":{"line":336,"column":0},"end":{"line":336,"column":null}},"44":{"start":{"line":340,"column":0},"end":{"line":360,"column":null}},"45":{"start":{"line":341,"column":0},"end":{"line":341,"column":null}},"46":{"start":{"line":342,"column":0},"end":{"line":342,"column":null}},"47":{"start":{"line":343,"column":0},"end":{"line":343,"column":null}},"48":{"start":{"line":344,"column":0},"end":{"line":344,"column":null}},"49":{"start":{"line":345,"column":0},"end":{"line":345,"column":null}},"50":{"start":{"line":346,"column":0},"end":{"line":346,"column":null}},"51":{"start":{"line":348,"column":0},"end":{"line":348,"column":null}},"52":{"start":{"line":349,"column":0},"end":{"line":349,"column":null}},"53":{"start":{"line":350,"column":0},"end":{"line":350,"column":null}},"54":{"start":{"line":351,"column":0},"end":{"line":351,"column":null}},"55":{"start":{"line":353,"column":0},"end":{"line":353,"column":null}},"56":{"start":{"line":354,"column":0},"end":{"line":354,"column":null}},"57":{"start":{"line":355,"column":0},"end":{"line":355,"column":null}},"58":{"start":{"line":356,"column":0},"end":{"line":356,"column":null}},"59":{"start":{"line":358,"column":0},"end":{"line":358,"column":null}},"60":{"start":{"line":365,"column":0},"end":{"line":365,"column":null}},"61":{"start":{"line":367,"column":0},"end":{"line":367,"column":null}},"62":{"start":{"line":369,"column":0},"end":{"line":369,"column":null}},"63":{"start":{"line":370,"column":0},"end":{"line":374,"column":null}},"64":{"start":{"line":371,"column":0},"end":{"line":371,"column":null}},"65":{"start":{"line":375,"column":0},"end":{"line":379,"column":null}},"66":{"start":{"line":376,"column":0},"end":{"line":378,"column":null}},"67":{"start":{"line":377,"column":0},"end":{"line":377,"column":null}},"68":{"start":{"line":380,"column":0},"end":{"line":380,"column":null}},"69":{"start":{"line":388,"column":0},"end":{"line":388,"column":null}},"70":{"start":{"line":457,"column":0},"end":{"line":457,"column":null}},"71":{"start":{"line":458,"column":0},"end":{"line":462,"column":null}},"72":{"start":{"line":459,"column":0},"end":{"line":459,"column":null}},"73":{"start":{"line":463,"column":0},"end":{"line":467,"column":null}},"74":{"start":{"line":464,"column":0},"end":{"line":466,"column":null}},"75":{"start":{"line":465,"column":0},"end":{"line":465,"column":null}},"76":{"start":{"line":468,"column":0},"end":{"line":468,"column":null}},"77":{"start":{"line":476,"column":0},"end":{"line":476,"column":null}},"78":{"start":{"line":507,"column":0},"end":{"line":507,"column":null}},"79":{"start":{"line":508,"column":0},"end":{"line":512,"column":null}},"80":{"start":{"line":509,"column":0},"end":{"line":509,"column":null}},"81":{"start":{"line":513,"column":0},"end":{"line":517,"column":null}},"82":{"start":{"line":514,"column":0},"end":{"line":516,"column":null}},"83":{"start":{"line":515,"column":0},"end":{"line":515,"column":null}},"84":{"start":{"line":518,"column":0},"end":{"line":518,"column":null}},"85":{"start":{"line":526,"column":0},"end":{"line":526,"column":null}},"86":{"start":{"line":563,"column":0},"end":{"line":563,"column":null}},"87":{"start":{"line":568,"column":0},"end":{"line":568,"column":null}},"88":{"start":{"line":569,"column":0},"end":{"line":569,"column":null}},"89":{"start":{"line":573,"column":0},"end":{"line":573,"column":null}},"90":{"start":{"line":575,"column":0},"end":{"line":575,"column":null}},"91":{"start":{"line":576,"column":0},"end":{"line":576,"column":null}},"92":{"start":{"line":578,"column":0},"end":{"line":578,"column":null}},"93":{"start":{"line":579,"column":0},"end":{"line":579,"column":null}},"94":{"start":{"line":581,"column":0},"end":{"line":581,"column":null}},"95":{"start":{"line":582,"column":0},"end":{"line":582,"column":null}},"96":{"start":{"line":584,"column":0},"end":{"line":584,"column":null}},"97":{"start":{"line":585,"column":0},"end":{"line":585,"column":null}},"98":{"start":{"line":592,"column":0},"end":{"line":592,"column":null}},"99":{"start":{"line":593,"column":0},"end":{"line":606,"column":null}},"100":{"start":{"line":594,"column":0},"end":{"line":594,"column":null}},"101":{"start":{"line":595,"column":0},"end":{"line":595,"column":null}},"102":{"start":{"line":598,"column":0},"end":{"line":598,"column":null}},"103":{"start":{"line":600,"column":0},"end":{"line":600,"column":null}},"104":{"start":{"line":601,"column":0},"end":{"line":605,"column":null}},"105":{"start":{"line":602,"column":0},"end":{"line":602,"column":null}},"106":{"start":{"line":603,"column":0},"end":{"line":603,"column":null}},"107":{"start":{"line":604,"column":0},"end":{"line":604,"column":null}},"108":{"start":{"line":607,"column":0},"end":{"line":607,"column":null}},"109":{"start":{"line":612,"column":0},"end":{"line":615,"column":null}},"110":{"start":{"line":613,"column":0},"end":{"line":613,"column":null}},"111":{"start":{"line":614,"column":0},"end":{"line":614,"column":null}},"112":{"start":{"line":616,"column":0},"end":{"line":619,"column":null}},"113":{"start":{"line":617,"column":0},"end":{"line":617,"column":null}},"114":{"start":{"line":618,"column":0},"end":{"line":618,"column":null}},"115":{"start":{"line":620,"column":0},"end":{"line":623,"column":null}},"116":{"start":{"line":621,"column":0},"end":{"line":621,"column":null}},"117":{"start":{"line":622,"column":0},"end":{"line":622,"column":null}},"118":{"start":{"line":625,"column":0},"end":{"line":627,"column":null}},"119":{"start":{"line":626,"column":0},"end":{"line":626,"column":null}},"120":{"start":{"line":629,"column":0},"end":{"line":635,"column":null}},"121":{"start":{"line":629,"column":0},"end":{"line":629,"column":null}},"122":{"start":{"line":630,"column":0},"end":{"line":630,"column":null}},"123":{"start":{"line":631,"column":0},"end":{"line":634,"column":null}},"124":{"start":{"line":632,"column":0},"end":{"line":632,"column":null}},"125":{"start":{"line":633,"column":0},"end":{"line":633,"column":null}},"126":{"start":{"line":637,"column":0},"end":{"line":643,"column":null}},"127":{"start":{"line":637,"column":0},"end":{"line":637,"column":null}},"128":{"start":{"line":638,"column":0},"end":{"line":638,"column":null}},"129":{"start":{"line":639,"column":0},"end":{"line":642,"column":null}},"130":{"start":{"line":640,"column":0},"end":{"line":640,"column":null}},"131":{"start":{"line":641,"column":0},"end":{"line":641,"column":null}},"132":{"start":{"line":644,"column":0},"end":{"line":650,"column":null}},"133":{"start":{"line":644,"column":0},"end":{"line":644,"column":null}},"134":{"start":{"line":645,"column":0},"end":{"line":645,"column":null}},"135":{"start":{"line":646,"column":0},"end":{"line":649,"column":null}},"136":{"start":{"line":647,"column":0},"end":{"line":647,"column":null}},"137":{"start":{"line":648,"column":0},"end":{"line":648,"column":null}},"138":{"start":{"line":652,"column":0},"end":{"line":659,"column":null}},"139":{"start":{"line":653,"column":0},"end":{"line":653,"column":null}},"140":{"start":{"line":654,"column":0},"end":{"line":658,"column":null}},"141":{"start":{"line":654,"column":0},"end":{"line":654,"column":null}},"142":{"start":{"line":655,"column":0},"end":{"line":655,"column":null}},"143":{"start":{"line":656,"column":0},"end":{"line":656,"column":null}},"144":{"start":{"line":657,"column":0},"end":{"line":657,"column":null}},"145":{"start":{"line":661,"column":0},"end":{"line":661,"column":null}},"146":{"start":{"line":662,"column":0},"end":{"line":662,"column":null}},"147":{"start":{"line":666,"column":0},"end":{"line":666,"column":null}},"148":{"start":{"line":667,"column":0},"end":{"line":667,"column":null}},"149":{"start":{"line":672,"column":0},"end":{"line":672,"column":null}},"150":{"start":{"line":673,"column":0},"end":{"line":673,"column":null}},"151":{"start":{"line":674,"column":0},"end":{"line":674,"column":null}},"152":{"start":{"line":675,"column":0},"end":{"line":675,"column":null}},"153":{"start":{"line":676,"column":0},"end":{"line":676,"column":null}},"154":{"start":{"line":680,"column":0},"end":{"line":680,"column":null}},"155":{"start":{"line":681,"column":0},"end":{"line":681,"column":null}},"156":{"start":{"line":682,"column":0},"end":{"line":682,"column":null}},"157":{"start":{"line":683,"column":0},"end":{"line":683,"column":null}},"158":{"start":{"line":684,"column":0},"end":{"line":684,"column":null}},"159":{"start":{"line":685,"column":0},"end":{"line":685,"column":null}},"160":{"start":{"line":686,"column":0},"end":{"line":686,"column":null}},"161":{"start":{"line":687,"column":0},"end":{"line":687,"column":null}},"162":{"start":{"line":691,"column":0},"end":{"line":691,"column":null}},"163":{"start":{"line":692,"column":0},"end":{"line":692,"column":null}},"164":{"start":{"line":693,"column":0},"end":{"line":693,"column":null}},"165":{"start":{"line":694,"column":0},"end":{"line":694,"column":null}},"166":{"start":{"line":695,"column":0},"end":{"line":695,"column":null}},"167":{"start":{"line":696,"column":0},"end":{"line":696,"column":null}},"168":{"start":{"line":697,"column":0},"end":{"line":697,"column":null}},"169":{"start":{"line":698,"column":0},"end":{"line":698,"column":null}},"170":{"start":{"line":699,"column":0},"end":{"line":699,"column":null}},"171":{"start":{"line":700,"column":0},"end":{"line":700,"column":null}},"172":{"start":{"line":701,"column":0},"end":{"line":701,"column":null}},"173":{"start":{"line":702,"column":0},"end":{"line":702,"column":null}},"174":{"start":{"line":706,"column":0},"end":{"line":706,"column":null}},"175":{"start":{"line":707,"column":0},"end":{"line":707,"column":null}},"176":{"start":{"line":708,"column":0},"end":{"line":708,"column":null}},"177":{"start":{"line":712,"column":0},"end":{"line":712,"column":null}},"178":{"start":{"line":713,"column":0},"end":{"line":713,"column":null}},"179":{"start":{"line":714,"column":0},"end":{"line":714,"column":null}},"180":{"start":{"line":715,"column":0},"end":{"line":715,"column":null}},"181":{"start":{"line":728,"column":0},"end":{"line":728,"column":null}},"182":{"start":{"line":732,"column":0},"end":{"line":732,"column":null}},"183":{"start":{"line":733,"column":0},"end":{"line":733,"column":null}},"184":{"start":{"line":737,"column":0},"end":{"line":737,"column":null}},"185":{"start":{"line":738,"column":0},"end":{"line":738,"column":null}},"186":{"start":{"line":742,"column":0},"end":{"line":742,"column":null}},"187":{"start":{"line":743,"column":0},"end":{"line":745,"column":null}},"188":{"start":{"line":744,"column":0},"end":{"line":744,"column":null}},"189":{"start":{"line":749,"column":0},"end":{"line":749,"column":null}},"190":{"start":{"line":750,"column":0},"end":{"line":773,"column":null}},"191":{"start":{"line":751,"column":0},"end":{"line":771,"column":null}},"192":{"start":{"line":752,"column":0},"end":{"line":752,"column":null}},"193":{"start":{"line":759,"column":0},"end":{"line":759,"column":null}},"194":{"start":{"line":760,"column":0},"end":{"line":760,"column":null}},"195":{"start":{"line":761,"column":0},"end":{"line":761,"column":null}},"196":{"start":{"line":762,"column":0},"end":{"line":762,"column":null}},"197":{"start":{"line":763,"column":0},"end":{"line":771,"column":null}},"198":{"start":{"line":764,"column":0},"end":{"line":764,"column":null}},"199":{"start":{"line":768,"column":0},"end":{"line":768,"column":null}},"200":{"start":{"line":769,"column":0},"end":{"line":769,"column":null}},"201":{"start":{"line":770,"column":0},"end":{"line":770,"column":null}},"202":{"start":{"line":772,"column":0},"end":{"line":772,"column":null}},"203":{"start":{"line":777,"column":0},"end":{"line":777,"column":null}},"204":{"start":{"line":778,"column":0},"end":{"line":778,"column":null}},"205":{"start":{"line":779,"column":0},"end":{"line":779,"column":null}},"206":{"start":{"line":780,"column":0},"end":{"line":782,"column":null}},"207":{"start":{"line":781,"column":0},"end":{"line":781,"column":null}},"208":{"start":{"line":786,"column":0},"end":{"line":792,"column":null}},"209":{"start":{"line":787,"column":0},"end":{"line":787,"column":null}},"210":{"start":{"line":788,"column":0},"end":{"line":788,"column":null}},"211":{"start":{"line":789,"column":0},"end":{"line":792,"column":null}},"212":{"start":{"line":790,"column":0},"end":{"line":790,"column":null}},"213":{"start":{"line":791,"column":0},"end":{"line":791,"column":null}}},"fnMap":{"0":{"name":"(anonymous_1)","decl":{"start":{"line":185,"column":0},"end":{"line":185,"column":null}},"loc":{"start":{"line":185,"column":0},"end":{"line":251,"column":null}}},"1":{"name":"(anonymous_2)","decl":{"start":{"line":253,"column":0},"end":{"line":253,"column":null}},"loc":{"start":{"line":253,"column":0},"end":{"line":255,"column":null}}},"2":{"name":"(anonymous_3)","decl":{"start":{"line":258,"column":0},"end":{"line":258,"column":null}},"loc":{"start":{"line":258,"column":0},"end":{"line":276,"column":null}}},"3":{"name":"(anonymous_4)","decl":{"start":{"line":278,"column":0},"end":{"line":278,"column":null}},"loc":{"start":{"line":278,"column":0},"end":{"line":283,"column":null}}},"4":{"name":"(anonymous_5)","decl":{"start":{"line":285,"column":0},"end":{"line":285,"column":null}},"loc":{"start":{"line":285,"column":0},"end":{"line":290,"column":null}}},"5":{"name":"(anonymous_6)","decl":{"start":{"line":292,"column":0},"end":{"line":292,"column":null}},"loc":{"start":{"line":292,"column":0},"end":{"line":305,"column":null}}},"6":{"name":"(anonymous_7)","decl":{"start":{"line":307,"column":0},"end":{"line":307,"column":null}},"loc":{"start":{"line":307,"column":0},"end":{"line":321,"column":null}}},"7":{"name":"(anonymous_8)","decl":{"start":{"line":313,"column":0},"end":{"line":313,"column":null}},"loc":{"start":{"line":313,"column":0},"end":{"line":315,"column":null}}},"8":{"name":"(anonymous_9)","decl":{"start":{"line":323,"column":0},"end":{"line":323,"column":null}},"loc":{"start":{"line":323,"column":0},"end":{"line":362,"column":null}}},"9":{"name":"(anonymous_10)","decl":{"start":{"line":326,"column":0},"end":{"line":326,"column":null}},"loc":{"start":{"line":326,"column":0},"end":{"line":361,"column":null}}},"10":{"name":"(anonymous_11)","decl":{"start":{"line":332,"column":0},"end":{"line":332,"column":null}},"loc":{"start":{"line":332,"column":0},"end":{"line":337,"column":null}}},"11":{"name":"(anonymous_12)","decl":{"start":{"line":340,"column":0},"end":{"line":340,"column":null}},"loc":{"start":{"line":340,"column":0},"end":{"line":360,"column":null}}},"12":{"name":"(anonymous_13)","decl":{"start":{"line":364,"column":0},"end":{"line":364,"column":null}},"loc":{"start":{"line":364,"column":0},"end":{"line":565,"column":null}}},"13":{"name":"(anonymous_14)","decl":{"start":{"line":370,"column":0},"end":{"line":370,"column":null}},"loc":{"start":{"line":370,"column":0},"end":{"line":374,"column":null}}},"14":{"name":"(anonymous_15)","decl":{"start":{"line":375,"column":0},"end":{"line":375,"column":null}},"loc":{"start":{"line":375,"column":0},"end":{"line":379,"column":null}}},"15":{"name":"(anonymous_16)","decl":{"start":{"line":387,"column":0},"end":{"line":387,"column":null}},"loc":{"start":{"line":387,"column":0},"end":{"line":389,"column":null}}},"16":{"name":"(anonymous_17)","decl":{"start":{"line":458,"column":0},"end":{"line":458,"column":null}},"loc":{"start":{"line":458,"column":0},"end":{"line":462,"column":null}}},"17":{"name":"(anonymous_18)","decl":{"start":{"line":463,"column":0},"end":{"line":463,"column":null}},"loc":{"start":{"line":463,"column":0},"end":{"line":467,"column":null}}},"18":{"name":"(anonymous_19)","decl":{"start":{"line":475,"column":0},"end":{"line":475,"column":null}},"loc":{"start":{"line":475,"column":0},"end":{"line":477,"column":null}}},"19":{"name":"(anonymous_20)","decl":{"start":{"line":508,"column":0},"end":{"line":508,"column":null}},"loc":{"start":{"line":508,"column":0},"end":{"line":512,"column":null}}},"20":{"name":"(anonymous_21)","decl":{"start":{"line":513,"column":0},"end":{"line":513,"column":null}},"loc":{"start":{"line":513,"column":0},"end":{"line":517,"column":null}}},"21":{"name":"(anonymous_22)","decl":{"start":{"line":525,"column":0},"end":{"line":525,"column":null}},"loc":{"start":{"line":525,"column":0},"end":{"line":527,"column":null}}},"22":{"name":"(anonymous_23)","decl":{"start":{"line":567,"column":0},"end":{"line":567,"column":null}},"loc":{"start":{"line":567,"column":0},"end":{"line":570,"column":null}}},"23":{"name":"(anonymous_24)","decl":{"start":{"line":572,"column":0},"end":{"line":572,"column":null}},"loc":{"start":{"line":572,"column":0},"end":{"line":588,"column":null}}},"24":{"name":"(anonymous_25)","decl":{"start":{"line":590,"column":0},"end":{"line":590,"column":null}},"loc":{"start":{"line":590,"column":0},"end":{"line":608,"column":null}}},"25":{"name":"(anonymous_26)","decl":{"start":{"line":601,"column":0},"end":{"line":601,"column":null}},"loc":{"start":{"line":601,"column":0},"end":{"line":605,"column":null}}},"26":{"name":"(anonymous_27)","decl":{"start":{"line":610,"column":0},"end":{"line":610,"column":null}},"loc":{"start":{"line":610,"column":0},"end":{"line":663,"column":null}}},"27":{"name":"(anonymous_28)","decl":{"start":{"line":665,"column":0},"end":{"line":665,"column":null}},"loc":{"start":{"line":665,"column":0},"end":{"line":677,"column":null}}},"28":{"name":"(anonymous_29)","decl":{"start":{"line":679,"column":0},"end":{"line":679,"column":null}},"loc":{"start":{"line":679,"column":0},"end":{"line":688,"column":null}}},"29":{"name":"(anonymous_30)","decl":{"start":{"line":690,"column":0},"end":{"line":690,"column":null}},"loc":{"start":{"line":690,"column":0},"end":{"line":703,"column":null}}},"30":{"name":"(anonymous_31)","decl":{"start":{"line":705,"column":0},"end":{"line":705,"column":null}},"loc":{"start":{"line":705,"column":0},"end":{"line":709,"column":null}}},"31":{"name":"(anonymous_32)","decl":{"start":{"line":711,"column":0},"end":{"line":711,"column":null}},"loc":{"start":{"line":711,"column":0},"end":{"line":729,"column":null}}},"32":{"name":"(anonymous_33)","decl":{"start":{"line":731,"column":0},"end":{"line":731,"column":null}},"loc":{"start":{"line":731,"column":0},"end":{"line":734,"column":null}}},"33":{"name":"(anonymous_34)","decl":{"start":{"line":736,"column":0},"end":{"line":736,"column":null}},"loc":{"start":{"line":736,"column":0},"end":{"line":739,"column":null}}},"34":{"name":"(anonymous_35)","decl":{"start":{"line":741,"column":0},"end":{"line":741,"column":null}},"loc":{"start":{"line":741,"column":0},"end":{"line":746,"column":null}}},"35":{"name":"(anonymous_36)","decl":{"start":{"line":743,"column":0},"end":{"line":743,"column":null}},"loc":{"start":{"line":743,"column":0},"end":{"line":745,"column":null}}},"36":{"name":"(anonymous_37)","decl":{"start":{"line":748,"column":0},"end":{"line":748,"column":null}},"loc":{"start":{"line":748,"column":0},"end":{"line":774,"column":null}}},"37":{"name":"(anonymous_38)","decl":{"start":{"line":776,"column":0},"end":{"line":776,"column":null}},"loc":{"start":{"line":776,"column":0},"end":{"line":783,"column":null}}},"38":{"name":"(anonymous_39)","decl":{"start":{"line":780,"column":0},"end":{"line":780,"column":null}},"loc":{"start":{"line":780,"column":0},"end":{"line":782,"column":null}}},"39":{"name":"(anonymous_40)","decl":{"start":{"line":785,"column":0},"end":{"line":785,"column":null}},"loc":{"start":{"line":785,"column":0},"end":{"line":793,"column":null}}}},"branchMap":{"0":{"loc":{"start":{"line":260,"column":0},"end":{"line":262,"column":null}},"type":"if","locations":[{"start":{"line":260,"column":0},"end":{"line":262,"column":null}},{"start":{"line":260,"column":0},"end":{"line":262,"column":null}}]},"1":{"loc":{"start":{"line":264,"column":0},"end":{"line":275,"column":null}},"type":"if","locations":[{"start":{"line":264,"column":0},"end":{"line":275,"column":null}},{"start":{"line":264,"column":0},"end":{"line":275,"column":null}}]},"2":{"loc":{"start":{"line":266,"column":0},"end":{"line":275,"column":null}},"type":"if","locations":[{"start":{"line":266,"column":0},"end":{"line":275,"column":null}},{"start":{"line":266,"column":0},"end":{"line":275,"column":null}}]},"3":{"loc":{"start":{"line":269,"column":0},"end":{"line":275,"column":null}},"type":"if","locations":[{"start":{"line":269,"column":0},"end":{"line":275,"column":null}},{"start":{"line":269,"column":0},"end":{"line":275,"column":null}}]},"4":{"loc":{"start":{"line":280,"column":0},"end":{"line":282,"column":null}},"type":"if","locations":[{"start":{"line":280,"column":0},"end":{"line":282,"column":null}},{"start":{"line":280,"column":0},"end":{"line":282,"column":null}}]},"5":{"loc":{"start":{"line":287,"column":0},"end":{"line":289,"column":null}},"type":"if","locations":[{"start":{"line":287,"column":0},"end":{"line":289,"column":null}},{"start":{"line":287,"column":0},"end":{"line":289,"column":null}}]},"6":{"loc":{"start":{"line":293,"column":0},"end":{"line":295,"column":null}},"type":"if","locations":[{"start":{"line":293,"column":0},"end":{"line":295,"column":null}},{"start":{"line":293,"column":0},"end":{"line":295,"column":null}}]},"7":{"loc":{"start":{"line":296,"column":0},"end":{"line":304,"column":null}},"type":"if","locations":[{"start":{"line":296,"column":0},"end":{"line":304,"column":null}},{"start":{"line":296,"column":0},"end":{"line":304,"column":null}}]},"8":{"loc":{"start":{"line":299,"column":0},"end":{"line":304,"column":null}},"type":"if","locations":[{"start":{"line":299,"column":0},"end":{"line":304,"column":null}},{"start":{"line":299,"column":0},"end":{"line":304,"column":null}}]},"9":{"loc":{"start":{"line":309,"column":0},"end":{"line":311,"column":null}},"type":"if","locations":[{"start":{"line":309,"column":0},"end":{"line":311,"column":null}},{"start":{"line":309,"column":0},"end":{"line":311,"column":null}}]},"10":{"loc":{"start":{"line":313,"column":0},"end":{"line":320,"column":null}},"type":"if","locations":[{"start":{"line":313,"column":0},"end":{"line":320,"column":null}},{"start":{"line":313,"column":0},"end":{"line":320,"column":null}}]},"11":{"loc":{"start":{"line":347,"column":0},"end":{"line":351,"column":null}},"type":"switch","locations":[{"start":{"line":347,"column":0},"end":{"line":351,"column":null}},{"start":{"line":352,"column":0},"end":{"line":356,"column":null}},{"start":{"line":357,"column":0},"end":{"line":358,"column":null}}]},"12":{"loc":{"start":{"line":376,"column":0},"end":{"line":378,"column":null}},"type":"if","locations":[{"start":{"line":376,"column":0},"end":{"line":378,"column":null}},{"start":{"line":376,"column":0},"end":{"line":378,"column":null}}]},"13":{"loc":{"start":{"line":464,"column":0},"end":{"line":466,"column":null}},"type":"if","locations":[{"start":{"line":464,"column":0},"end":{"line":466,"column":null}},{"start":{"line":464,"column":0},"end":{"line":466,"column":null}}]},"14":{"loc":{"start":{"line":514,"column":0},"end":{"line":516,"column":null}},"type":"if","locations":[{"start":{"line":514,"column":0},"end":{"line":516,"column":null}},{"start":{"line":514,"column":0},"end":{"line":516,"column":null}}]},"15":{"loc":{"start":{"line":577,"column":0},"end":{"line":579,"column":null}},"type":"switch","locations":[{"start":{"line":577,"column":0},"end":{"line":579,"column":null}},{"start":{"line":580,"column":0},"end":{"line":582,"column":null}},{"start":{"line":583,"column":0},"end":{"line":585,"column":null}}]},"16":{"loc":{"start":{"line":593,"column":0},"end":{"line":606,"column":null}},"type":"if","locations":[{"start":{"line":593,"column":0},"end":{"line":606,"column":null}},{"start":{"line":593,"column":0},"end":{"line":606,"column":null}}]},"17":{"loc":{"start":{"line":612,"column":0},"end":{"line":615,"column":null}},"type":"if","locations":[{"start":{"line":612,"column":0},"end":{"line":615,"column":null}},{"start":{"line":612,"column":0},"end":{"line":615,"column":null}}]},"18":{"loc":{"start":{"line":616,"column":0},"end":{"line":619,"column":null}},"type":"if","locations":[{"start":{"line":616,"column":0},"end":{"line":619,"column":null}},{"start":{"line":616,"column":0},"end":{"line":619,"column":null}}]},"19":{"loc":{"start":{"line":620,"column":0},"end":{"line":623,"column":null}},"type":"if","locations":[{"start":{"line":620,"column":0},"end":{"line":623,"column":null}},{"start":{"line":620,"column":0},"end":{"line":623,"column":null}}]},"20":{"loc":{"start":{"line":625,"column":0},"end":{"line":627,"column":null}},"type":"if","locations":[{"start":{"line":625,"column":0},"end":{"line":627,"column":null}},{"start":{"line":625,"column":0},"end":{"line":627,"column":null}}]},"21":{"loc":{"start":{"line":625,"column":0},"end":{"line":625,"column":null}},"type":"binary-expr","locations":[{"start":{"line":625,"column":0},"end":{"line":625,"column":null}},{"start":{"line":625,"column":0},"end":{"line":625,"column":null}},{"start":{"line":625,"column":0},"end":{"line":625,"column":null}}]},"22":{"loc":{"start":{"line":631,"column":0},"end":{"line":634,"column":null}},"type":"if","locations":[{"start":{"line":631,"column":0},"end":{"line":634,"column":null}},{"start":{"line":631,"column":0},"end":{"line":634,"column":null}}]},"23":{"loc":{"start":{"line":631,"column":0},"end":{"line":631,"column":null}},"type":"binary-expr","locations":[{"start":{"line":631,"column":0},"end":{"line":631,"column":null}},{"start":{"line":631,"column":0},"end":{"line":631,"column":null}}]},"24":{"loc":{"start":{"line":639,"column":0},"end":{"line":642,"column":null}},"type":"if","locations":[{"start":{"line":639,"column":0},"end":{"line":642,"column":null}},{"start":{"line":639,"column":0},"end":{"line":642,"column":null}}]},"25":{"loc":{"start":{"line":639,"column":0},"end":{"line":639,"column":null}},"type":"binary-expr","locations":[{"start":{"line":639,"column":0},"end":{"line":639,"column":null}},{"start":{"line":639,"column":0},"end":{"line":639,"column":null}},{"start":{"line":639,"column":0},"end":{"line":639,"column":null}}]},"26":{"loc":{"start":{"line":646,"column":0},"end":{"line":649,"column":null}},"type":"if","locations":[{"start":{"line":646,"column":0},"end":{"line":649,"column":null}},{"start":{"line":646,"column":0},"end":{"line":649,"column":null}}]},"27":{"loc":{"start":{"line":652,"column":0},"end":{"line":659,"column":null}},"type":"if","locations":[{"start":{"line":652,"column":0},"end":{"line":659,"column":null}},{"start":{"line":652,"column":0},"end":{"line":659,"column":null}}]},"28":{"loc":{"start":{"line":652,"column":0},"end":{"line":652,"column":null}},"type":"binary-expr","locations":[{"start":{"line":652,"column":0},"end":{"line":652,"column":null}},{"start":{"line":652,"column":0},"end":{"line":652,"column":null}}]},"29":{"loc":{"start":{"line":750,"column":0},"end":{"line":773,"column":null}},"type":"if","locations":[{"start":{"line":750,"column":0},"end":{"line":773,"column":null}},{"start":{"line":750,"column":0},"end":{"line":773,"column":null}}]},"30":{"loc":{"start":{"line":751,"column":0},"end":{"line":771,"column":null}},"type":"if","locations":[{"start":{"line":751,"column":0},"end":{"line":771,"column":null}},{"start":{"line":751,"column":0},"end":{"line":771,"column":null}}]},"31":{"loc":{"start":{"line":763,"column":0},"end":{"line":771,"column":null}},"type":"if","locations":[{"start":{"line":763,"column":0},"end":{"line":771,"column":null}},{"start":{"line":763,"column":0},"end":{"line":771,"column":null}}]},"32":{"loc":{"start":{"line":786,"column":0},"end":{"line":792,"column":null}},"type":"if","locations":[{"start":{"line":786,"column":0},"end":{"line":792,"column":null}},{"start":{"line":786,"column":0},"end":{"line":792,"column":null}}]},"33":{"loc":{"start":{"line":789,"column":0},"end":{"line":792,"column":null}},"type":"if","locations":[{"start":{"line":789,"column":0},"end":{"line":792,"column":null}},{"start":{"line":789,"column":0},"end":{"line":792,"column":null}}]}},"s":{"0":1,"1":1,"2":16,"3":16,"4":5,"5":5,"6":1,"7":4,"8":1,"9":3,"10":1,"11":2,"12":1,"13":1,"14":1,"15":1,"16":1,"17":1,"18":1,"19":1,"20":4,"21":1,"22":3,"23":1,"24":1,"25":2,"26":1,"27":1,"28":2,"29":2,"30":1,"31":2,"32":3,"33":1,"34":1,"35":17,"36":17,"37":0,"38":0,"39":0,"40":0,"41":0,"42":0,"43":0,"44":0,"45":0,"46":0,"47":0,"48":0,"49":0,"50":0,"51":0,"52":0,"53":0,"54":0,"55":0,"56":0,"57":0,"58":0,"59":0,"60":1,"61":1,"62":1,"63":1,"64":2,"65":1,"66":1,"67":1,"68":1,"69":1,"70":1,"71":1,"72":2,"73":1,"74":1,"75":1,"76":1,"77":1,"78":1,"79":1,"80":2,"81":1,"82":1,"83":1,"84":1,"85":1,"86":1,"87":1,"88":1,"89":3,"90":3,"91":3,"92":1,"93":1,"94":1,"95":1,"96":1,"97":1,"98":2,"99":2,"100":1,"101":1,"102":1,"103":1,"104":1,"105":0,"106":0,"107":0,"108":1,"109":9,"110":1,"111":1,"112":8,"113":1,"114":1,"115":7,"116":1,"117":1,"118":6,"119":1,"120":5,"121":5,"122":5,"123":5,"124":1,"125":1,"126":4,"127":4,"128":4,"129":4,"130":1,"131":1,"132":3,"133":3,"134":3,"135":3,"136":1,"137":1,"138":2,"139":1,"140":1,"141":1,"142":1,"143":1,"144":1,"145":2,"146":2,"147":1,"148":1,"149":1,"150":1,"151":1,"152":1,"153":1,"154":1,"155":1,"156":1,"157":1,"158":1,"159":1,"160":1,"161":1,"162":1,"163":1,"164":1,"165":1,"166":1,"167":1,"168":1,"169":1,"170":1,"171":1,"172":1,"173":1,"174":0,"175":0,"176":0,"177":0,"178":0,"179":0,"180":0,"181":0,"182":1,"183":1,"184":1,"185":1,"186":0,"187":0,"188":0,"189":0,"190":0,"191":0,"192":0,"193":0,"194":0,"195":0,"196":0,"197":0,"198":0,"199":0,"200":0,"201":0,"202":0,"203":0,"204":0,"205":0,"206":0,"207":0,"208":0,"209":0,"210":0,"211":0,"212":0,"213":0},"f":{"0":16,"1":16,"2":5,"3":1,"4":1,"5":4,"6":2,"7":3,"8":17,"9":0,"10":0,"11":0,"12":1,"13":2,"14":1,"15":1,"16":2,"17":1,"18":1,"19":2,"20":1,"21":1,"22":1,"23":3,"24":2,"25":0,"26":9,"27":1,"28":1,"29":1,"30":0,"31":0,"32":1,"33":1,"34":0,"35":0,"36":0,"37":0,"38":0,"39":0},"b":{"0":[1,4],"1":[1,3],"2":[1,2],"3":[1,1],"4":[1,0],"5":[1,0],"6":[1,3],"7":[1,2],"8":[1,1],"9":[1,1],"10":[1,1],"11":[0,0,0],"12":[1,0],"13":[1,0],"14":[1,0],"15":[1,1,1],"16":[1,1],"17":[1,8],"18":[1,7],"19":[1,6],"20":[1,5],"21":[6,5,5],"22":[1,4],"23":[5,5],"24":[1,3],"25":[4,4,3],"26":[1,2],"27":[1,1],"28":[2,1],"29":[0,0],"30":[0,0],"31":[0,0],"32":[0,0],"33":[0,0]}}
}
