{"/Users/cpk/WebstormProjects/fronted-coin/src/components/KG.vue": {"path":"/Users/cpk/WebstormProjects/fronted-coin/src/components/KG.vue","statementMap":{"0":{"start":{"line":132,"column":0},"end":{"line":132,"column":null}},"1":{"start":{"line":136,"column":0},"end":{"line":136,"column":null}},"2":{"start":{"line":150,"column":0},"end":{"line":150,"column":null}},"3":{"start":{"line":174,"column":0},"end":{"line":174,"column":null}},"4":{"start":{"line":180,"column":0},"end":{"line":180,"column":null}},"5":{"start":{"line":181,"column":0},"end":{"line":216,"column":null}},"6":{"start":{"line":183,"column":0},"end":{"line":183,"column":null}},"7":{"start":{"line":185,"column":0},"end":{"line":185,"column":null}},"8":{"start":{"line":186,"column":0},"end":{"line":186,"column":null}},"9":{"start":{"line":187,"column":0},"end":{"line":192,"column":null}},"10":{"start":{"line":188,"column":0},"end":{"line":188,"column":null}},"11":{"start":{"line":190,"column":0},"end":{"line":190,"column":null}},"12":{"start":{"line":191,"column":0},"end":{"line":191,"column":null}},"13":{"start":{"line":195,"column":0},"end":{"line":215,"column":null}},"14":{"start":{"line":196,"column":0},"end":{"line":196,"column":null}},"15":{"start":{"line":197,"column":0},"end":{"line":197,"column":null}},"16":{"start":{"line":198,"column":0},"end":{"line":198,"column":null}},"17":{"start":{"line":199,"column":0},"end":{"line":199,"column":null}},"18":{"start":{"line":200,"column":0},"end":{"line":200,"column":null}},"19":{"start":{"line":201,"column":0},"end":{"line":201,"column":null}},"20":{"start":{"line":203,"column":0},"end":{"line":203,"column":null}},"21":{"start":{"line":204,"column":0},"end":{"line":204,"column":null}},"22":{"start":{"line":205,"column":0},"end":{"line":205,"column":null}},"23":{"start":{"line":206,"column":0},"end":{"line":206,"column":null}},"24":{"start":{"line":208,"column":0},"end":{"line":208,"column":null}},"25":{"start":{"line":209,"column":0},"end":{"line":209,"column":null}},"26":{"start":{"line":210,"column":0},"end":{"line":210,"column":null}},"27":{"start":{"line":211,"column":0},"end":{"line":211,"column":null}},"28":{"start":{"line":213,"column":0},"end":{"line":213,"column":null}},"29":{"start":{"line":221,"column":0},"end":{"line":221,"column":null}},"30":{"start":{"line":224,"column":0},"end":{"line":224,"column":null}},"31":{"start":{"line":225,"column":0},"end":{"line":229,"column":null}},"32":{"start":{"line":226,"column":0},"end":{"line":226,"column":null}},"33":{"start":{"line":230,"column":0},"end":{"line":234,"column":null}},"34":{"start":{"line":231,"column":0},"end":{"line":233,"column":null}},"35":{"start":{"line":232,"column":0},"end":{"line":232,"column":null}},"36":{"start":{"line":235,"column":0},"end":{"line":235,"column":null}},"37":{"start":{"line":243,"column":0},"end":{"line":243,"column":null}},"38":{"start":{"line":309,"column":0},"end":{"line":309,"column":null}},"39":{"start":{"line":313,"column":0},"end":{"line":313,"column":null}},"40":{"start":{"line":314,"column":0},"end":{"line":318,"column":null}},"41":{"start":{"line":315,"column":0},"end":{"line":315,"column":null}},"42":{"start":{"line":319,"column":0},"end":{"line":323,"column":null}},"43":{"start":{"line":320,"column":0},"end":{"line":322,"column":null}},"44":{"start":{"line":321,"column":0},"end":{"line":321,"column":null}},"45":{"start":{"line":324,"column":0},"end":{"line":324,"column":null}},"46":{"start":{"line":332,"column":0},"end":{"line":332,"column":null}},"47":{"start":{"line":363,"column":0},"end":{"line":363,"column":null}},"48":{"start":{"line":364,"column":0},"end":{"line":368,"column":null}},"49":{"start":{"line":365,"column":0},"end":{"line":365,"column":null}},"50":{"start":{"line":369,"column":0},"end":{"line":373,"column":null}},"51":{"start":{"line":370,"column":0},"end":{"line":372,"column":null}},"52":{"start":{"line":371,"column":0},"end":{"line":371,"column":null}},"53":{"start":{"line":374,"column":0},"end":{"line":374,"column":null}},"54":{"start":{"line":382,"column":0},"end":{"line":382,"column":null}},"55":{"start":{"line":419,"column":0},"end":{"line":419,"column":null}},"56":{"start":{"line":421,"column":0},"end":{"line":430,"column":null}},"57":{"start":{"line":422,"column":0},"end":{"line":422,"column":null}},"58":{"start":{"line":425,"column":0},"end":{"line":425,"column":null}},"59":{"start":{"line":427,"column":0},"end":{"line":427,"column":null}},"60":{"start":{"line":434,"column":0},"end":{"line":434,"column":null}},"61":{"start":{"line":435,"column":0},"end":{"line":452,"column":null}},"62":{"start":{"line":436,"column":0},"end":{"line":436,"column":null}},"63":{"start":{"line":437,"column":0},"end":{"line":437,"column":null}},"64":{"start":{"line":438,"column":0},"end":{"line":438,"column":null}},"65":{"start":{"line":440,"column":0},"end":{"line":440,"column":null}},"66":{"start":{"line":441,"column":0},"end":{"line":441,"column":null}},"67":{"start":{"line":442,"column":0},"end":{"line":442,"column":null}},"68":{"start":{"line":444,"column":0},"end":{"line":444,"column":null}},"69":{"start":{"line":445,"column":0},"end":{"line":445,"column":null}},"70":{"start":{"line":446,"column":0},"end":{"line":446,"column":null}},"71":{"start":{"line":448,"column":0},"end":{"line":448,"column":null}},"72":{"start":{"line":449,"column":0},"end":{"line":449,"column":null}},"73":{"start":{"line":450,"column":0},"end":{"line":450,"column":null}},"74":{"start":{"line":458,"column":0},"end":{"line":458,"column":null}},"75":{"start":{"line":459,"column":0},"end":{"line":512,"column":null}},"76":{"start":{"line":460,"column":0},"end":{"line":460,"column":null}},"77":{"start":{"line":461,"column":0},"end":{"line":461,"column":null}},"78":{"start":{"line":464,"column":0},"end":{"line":464,"column":null}},"79":{"start":{"line":466,"column":0},"end":{"line":466,"column":null}},"80":{"start":{"line":467,"column":0},"end":{"line":511,"column":null}},"81":{"start":{"line":468,"column":0},"end":{"line":468,"column":null}},"82":{"start":{"line":469,"column":0},"end":{"line":469,"column":null}},"83":{"start":{"line":472,"column":0},"end":{"line":475,"column":null}},"84":{"start":{"line":473,"column":0},"end":{"line":473,"column":null}},"85":{"start":{"line":474,"column":0},"end":{"line":474,"column":null}},"86":{"start":{"line":476,"column":0},"end":{"line":479,"column":null}},"87":{"start":{"line":477,"column":0},"end":{"line":477,"column":null}},"88":{"start":{"line":478,"column":0},"end":{"line":478,"column":null}},"89":{"start":{"line":480,"column":0},"end":{"line":483,"column":null}},"90":{"start":{"line":481,"column":0},"end":{"line":481,"column":null}},"91":{"start":{"line":482,"column":0},"end":{"line":482,"column":null}},"92":{"start":{"line":485,"column":0},"end":{"line":491,"column":null}},"93":{"start":{"line":485,"column":0},"end":{"line":485,"column":null}},"94":{"start":{"line":486,"column":0},"end":{"line":486,"column":null}},"95":{"start":{"line":487,"column":0},"end":{"line":490,"column":null}},"96":{"start":{"line":488,"column":0},"end":{"line":488,"column":null}},"97":{"start":{"line":489,"column":0},"end":{"line":489,"column":null}},"98":{"start":{"line":493,"column":0},"end":{"line":499,"column":null}},"99":{"start":{"line":493,"column":0},"end":{"line":493,"column":null}},"100":{"start":{"line":494,"column":0},"end":{"line":494,"column":null}},"101":{"start":{"line":495,"column":0},"end":{"line":498,"column":null}},"102":{"start":{"line":496,"column":0},"end":{"line":496,"column":null}},"103":{"start":{"line":497,"column":0},"end":{"line":497,"column":null}},"104":{"start":{"line":501,"column":0},"end":{"line":508,"column":null}},"105":{"start":{"line":502,"column":0},"end":{"line":502,"column":null}},"106":{"start":{"line":503,"column":0},"end":{"line":507,"column":null}},"107":{"start":{"line":503,"column":0},"end":{"line":503,"column":null}},"108":{"start":{"line":504,"column":0},"end":{"line":504,"column":null}},"109":{"start":{"line":505,"column":0},"end":{"line":505,"column":null}},"110":{"start":{"line":506,"column":0},"end":{"line":506,"column":null}},"111":{"start":{"line":510,"column":0},"end":{"line":510,"column":null}},"112":{"start":{"line":513,"column":0},"end":{"line":513,"column":null}},"113":{"start":{"line":517,"column":0},"end":{"line":529,"column":null}},"114":{"start":{"line":518,"column":0},"end":{"line":518,"column":null}},"115":{"start":{"line":519,"column":0},"end":{"line":519,"column":null}},"116":{"start":{"line":524,"column":0},"end":{"line":524,"column":null}},"117":{"start":{"line":525,"column":0},"end":{"line":525,"column":null}},"118":{"start":{"line":526,"column":0},"end":{"line":526,"column":null}},"119":{"start":{"line":527,"column":0},"end":{"line":527,"column":null}},"120":{"start":{"line":528,"column":0},"end":{"line":528,"column":null}},"121":{"start":{"line":533,"column":0},"end":{"line":533,"column":null}},"122":{"start":{"line":534,"column":0},"end":{"line":534,"column":null}},"123":{"start":{"line":535,"column":0},"end":{"line":535,"column":null}},"124":{"start":{"line":536,"column":0},"end":{"line":536,"column":null}},"125":{"start":{"line":537,"column":0},"end":{"line":537,"column":null}},"126":{"start":{"line":538,"column":0},"end":{"line":538,"column":null}},"127":{"start":{"line":539,"column":0},"end":{"line":539,"column":null}},"128":{"start":{"line":543,"column":0},"end":{"line":543,"column":null}},"129":{"start":{"line":544,"column":0},"end":{"line":544,"column":null}},"130":{"start":{"line":545,"column":0},"end":{"line":545,"column":null}},"131":{"start":{"line":546,"column":0},"end":{"line":548,"column":null}},"132":{"start":{"line":547,"column":0},"end":{"line":547,"column":null}},"133":{"start":{"line":549,"column":0},"end":{"line":578,"column":null}},"134":{"start":{"line":551,"column":0},"end":{"line":577,"column":null}},"135":{"start":{"line":552,"column":0},"end":{"line":554,"column":null}},"136":{"start":{"line":553,"column":0},"end":{"line":553,"column":null}},"137":{"start":{"line":556,"column":0},"end":{"line":576,"column":null}},"138":{"start":{"line":557,"column":0},"end":{"line":557,"column":null}},"139":{"start":{"line":558,"column":0},"end":{"line":575,"column":null}},"140":{"start":{"line":559,"column":0},"end":{"line":559,"column":null}},"141":{"start":{"line":561,"column":0},"end":{"line":574,"column":null}},"142":{"start":{"line":562,"column":0},"end":{"line":562,"column":null}},"143":{"start":{"line":563,"column":0},"end":{"line":563,"column":null}},"144":{"start":{"line":564,"column":0},"end":{"line":574,"column":null}},"145":{"start":{"line":565,"column":0},"end":{"line":565,"column":null}},"146":{"start":{"line":566,"column":0},"end":{"line":566,"column":null}},"147":{"start":{"line":568,"column":0},"end":{"line":568,"column":null}},"148":{"start":{"line":569,"column":0},"end":{"line":571,"column":null}},"149":{"start":{"line":570,"column":0},"end":{"line":570,"column":null}},"150":{"start":{"line":572,"column":0},"end":{"line":572,"column":null}},"151":{"start":{"line":573,"column":0},"end":{"line":573,"column":null}},"152":{"start":{"line":579,"column":0},"end":{"line":579,"column":null}},"153":{"start":{"line":580,"column":0},"end":{"line":580,"column":null}},"154":{"start":{"line":581,"column":0},"end":{"line":581,"column":null}},"155":{"start":{"line":582,"column":0},"end":{"line":582,"column":null}},"156":{"start":{"line":583,"column":0},"end":{"line":583,"column":null}},"157":{"start":{"line":584,"column":0},"end":{"line":584,"column":null}},"158":{"start":{"line":585,"column":0},"end":{"line":585,"column":null}},"159":{"start":{"line":586,"column":0},"end":{"line":586,"column":null}},"160":{"start":{"line":587,"column":0},"end":{"line":587,"column":null}},"161":{"start":{"line":588,"column":0},"end":{"line":588,"column":null}},"162":{"start":{"line":589,"column":0},"end":{"line":589,"column":null}},"163":{"start":{"line":593,"column":0},"end":{"line":593,"column":null}},"164":{"start":{"line":594,"column":0},"end":{"line":594,"column":null}},"165":{"start":{"line":595,"column":0},"end":{"line":595,"column":null}},"166":{"start":{"line":599,"column":0},"end":{"line":599,"column":null}},"167":{"start":{"line":600,"column":0},"end":{"line":600,"column":null}},"168":{"start":{"line":601,"column":0},"end":{"line":601,"column":null}},"169":{"start":{"line":602,"column":0},"end":{"line":602,"column":null}},"170":{"start":{"line":615,"column":0},"end":{"line":615,"column":null}},"171":{"start":{"line":619,"column":0},"end":{"line":619,"column":null}},"172":{"start":{"line":623,"column":0},"end":{"line":623,"column":null}},"173":{"start":{"line":627,"column":0},"end":{"line":627,"column":null}},"174":{"start":{"line":631,"column":0},"end":{"line":631,"column":null}}},"fnMap":{"0":{"name":"(anonymous_1)","decl":{"start":{"line":149,"column":0},"end":{"line":149,"column":null}},"loc":{"start":{"line":149,"column":0},"end":{"line":171,"column":null}}},"1":{"name":"(anonymous_2)","decl":{"start":{"line":173,"column":0},"end":{"line":173,"column":null}},"loc":{"start":{"line":173,"column":0},"end":{"line":175,"column":null}}},"2":{"name":"(anonymous_3)","decl":{"start":{"line":178,"column":0},"end":{"line":178,"column":null}},"loc":{"start":{"line":178,"column":0},"end":{"line":217,"column":null}}},"3":{"name":"(anonymous_4)","decl":{"start":{"line":181,"column":0},"end":{"line":181,"column":null}},"loc":{"start":{"line":181,"column":0},"end":{"line":216,"column":null}}},"4":{"name":"(anonymous_5)","decl":{"start":{"line":187,"column":0},"end":{"line":187,"column":null}},"loc":{"start":{"line":187,"column":0},"end":{"line":192,"column":null}}},"5":{"name":"(anonymous_6)","decl":{"start":{"line":195,"column":0},"end":{"line":195,"column":null}},"loc":{"start":{"line":195,"column":0},"end":{"line":215,"column":null}}},"6":{"name":"(anonymous_7)","decl":{"start":{"line":219,"column":0},"end":{"line":219,"column":null}},"loc":{"start":{"line":219,"column":0},"end":{"line":431,"column":null}}},"7":{"name":"(anonymous_8)","decl":{"start":{"line":225,"column":0},"end":{"line":225,"column":null}},"loc":{"start":{"line":225,"column":0},"end":{"line":229,"column":null}}},"8":{"name":"(anonymous_9)","decl":{"start":{"line":230,"column":0},"end":{"line":230,"column":null}},"loc":{"start":{"line":230,"column":0},"end":{"line":234,"column":null}}},"9":{"name":"(anonymous_10)","decl":{"start":{"line":242,"column":0},"end":{"line":242,"column":null}},"loc":{"start":{"line":242,"column":0},"end":{"line":244,"column":null}}},"10":{"name":"(anonymous_11)","decl":{"start":{"line":314,"column":0},"end":{"line":314,"column":null}},"loc":{"start":{"line":314,"column":0},"end":{"line":318,"column":null}}},"11":{"name":"(anonymous_12)","decl":{"start":{"line":319,"column":0},"end":{"line":319,"column":null}},"loc":{"start":{"line":319,"column":0},"end":{"line":323,"column":null}}},"12":{"name":"(anonymous_13)","decl":{"start":{"line":331,"column":0},"end":{"line":331,"column":null}},"loc":{"start":{"line":331,"column":0},"end":{"line":333,"column":null}}},"13":{"name":"(anonymous_14)","decl":{"start":{"line":364,"column":0},"end":{"line":364,"column":null}},"loc":{"start":{"line":364,"column":0},"end":{"line":368,"column":null}}},"14":{"name":"(anonymous_15)","decl":{"start":{"line":369,"column":0},"end":{"line":369,"column":null}},"loc":{"start":{"line":369,"column":0},"end":{"line":373,"column":null}}},"15":{"name":"(anonymous_16)","decl":{"start":{"line":381,"column":0},"end":{"line":381,"column":null}},"loc":{"start":{"line":381,"column":0},"end":{"line":383,"column":null}}},"16":{"name":"(anonymous_17)","decl":{"start":{"line":421,"column":0},"end":{"line":421,"column":null}},"loc":{"start":{"line":421,"column":0},"end":{"line":430,"column":null}}},"17":{"name":"(anonymous_18)","decl":{"start":{"line":433,"column":0},"end":{"line":433,"column":null}},"loc":{"start":{"line":433,"column":0},"end":{"line":453,"column":null}}},"18":{"name":"(anonymous_19)","decl":{"start":{"line":435,"column":0},"end":{"line":435,"column":null}},"loc":{"start":{"line":435,"column":0},"end":{"line":452,"column":null}}},"19":{"name":"(anonymous_20)","decl":{"start":{"line":455,"column":0},"end":{"line":455,"column":null}},"loc":{"start":{"line":455,"column":0},"end":{"line":514,"column":null}}},"20":{"name":"(anonymous_21)","decl":{"start":{"line":467,"column":0},"end":{"line":467,"column":null}},"loc":{"start":{"line":467,"column":0},"end":{"line":511,"column":null}}},"21":{"name":"(anonymous_22)","decl":{"start":{"line":516,"column":0},"end":{"line":516,"column":null}},"loc":{"start":{"line":516,"column":0},"end":{"line":530,"column":null}}},"22":{"name":"(anonymous_23)","decl":{"start":{"line":517,"column":0},"end":{"line":517,"column":null}},"loc":{"start":{"line":517,"column":0},"end":{"line":529,"column":null}}},"23":{"name":"(anonymous_24)","decl":{"start":{"line":532,"column":0},"end":{"line":532,"column":null}},"loc":{"start":{"line":532,"column":0},"end":{"line":540,"column":null}}},"24":{"name":"(anonymous_25)","decl":{"start":{"line":542,"column":0},"end":{"line":542,"column":null}},"loc":{"start":{"line":542,"column":0},"end":{"line":590,"column":null}}},"25":{"name":"(anonymous_26)","decl":{"start":{"line":546,"column":0},"end":{"line":546,"column":null}},"loc":{"start":{"line":546,"column":0},"end":{"line":548,"column":null}}},"26":{"name":"(anonymous_27)","decl":{"start":{"line":549,"column":0},"end":{"line":549,"column":null}},"loc":{"start":{"line":549,"column":0},"end":{"line":578,"column":null}}},"27":{"name":"(anonymous_28)","decl":{"start":{"line":592,"column":0},"end":{"line":592,"column":null}},"loc":{"start":{"line":592,"column":0},"end":{"line":596,"column":null}}},"28":{"name":"(anonymous_29)","decl":{"start":{"line":598,"column":0},"end":{"line":598,"column":null}},"loc":{"start":{"line":598,"column":0},"end":{"line":616,"column":null}}},"29":{"name":"(anonymous_30)","decl":{"start":{"line":618,"column":0},"end":{"line":618,"column":null}},"loc":{"start":{"line":618,"column":0},"end":{"line":620,"column":null}}},"30":{"name":"(anonymous_31)","decl":{"start":{"line":622,"column":0},"end":{"line":622,"column":null}},"loc":{"start":{"line":622,"column":0},"end":{"line":624,"column":null}}},"31":{"name":"(anonymous_32)","decl":{"start":{"line":626,"column":0},"end":{"line":626,"column":null}},"loc":{"start":{"line":626,"column":0},"end":{"line":628,"column":null}}},"32":{"name":"(anonymous_33)","decl":{"start":{"line":630,"column":0},"end":{"line":630,"column":null}},"loc":{"start":{"line":630,"column":0},"end":{"line":632,"column":null}}}},"branchMap":{"0":{"loc":{"start":{"line":202,"column":0},"end":{"line":206,"column":null}},"type":"switch","locations":[{"start":{"line":202,"column":0},"end":{"line":206,"column":null}},{"start":{"line":207,"column":0},"end":{"line":211,"column":null}},{"start":{"line":212,"column":0},"end":{"line":213,"column":null}}]},"1":{"loc":{"start":{"line":231,"column":0},"end":{"line":233,"column":null}},"type":"if","locations":[{"start":{"line":231,"column":0},"end":{"line":233,"column":null}},{"start":{"line":231,"column":0},"end":{"line":233,"column":null}}]},"2":{"loc":{"start":{"line":320,"column":0},"end":{"line":322,"column":null}},"type":"if","locations":[{"start":{"line":320,"column":0},"end":{"line":322,"column":null}},{"start":{"line":320,"column":0},"end":{"line":322,"column":null}}]},"3":{"loc":{"start":{"line":370,"column":0},"end":{"line":372,"column":null}},"type":"if","locations":[{"start":{"line":370,"column":0},"end":{"line":372,"column":null}},{"start":{"line":370,"column":0},"end":{"line":372,"column":null}}]},"4":{"loc":{"start":{"line":439,"column":0},"end":{"line":442,"column":null}},"type":"switch","locations":[{"start":{"line":439,"column":0},"end":{"line":442,"column":null}},{"start":{"line":443,"column":0},"end":{"line":446,"column":null}},{"start":{"line":447,"column":0},"end":{"line":450,"column":null}}]},"5":{"loc":{"start":{"line":459,"column":0},"end":{"line":512,"column":null}},"type":"if","locations":[{"start":{"line":459,"column":0},"end":{"line":512,"column":null}},{"start":{"line":459,"column":0},"end":{"line":512,"column":null}}]},"6":{"loc":{"start":{"line":472,"column":0},"end":{"line":475,"column":null}},"type":"if","locations":[{"start":{"line":472,"column":0},"end":{"line":475,"column":null}},{"start":{"line":472,"column":0},"end":{"line":475,"column":null}}]},"7":{"loc":{"start":{"line":476,"column":0},"end":{"line":479,"column":null}},"type":"if","locations":[{"start":{"line":476,"column":0},"end":{"line":479,"column":null}},{"start":{"line":476,"column":0},"end":{"line":479,"column":null}}]},"8":{"loc":{"start":{"line":480,"column":0},"end":{"line":483,"column":null}},"type":"if","locations":[{"start":{"line":480,"column":0},"end":{"line":483,"column":null}},{"start":{"line":480,"column":0},"end":{"line":483,"column":null}}]},"9":{"loc":{"start":{"line":487,"column":0},"end":{"line":490,"column":null}},"type":"if","locations":[{"start":{"line":487,"column":0},"end":{"line":490,"column":null}},{"start":{"line":487,"column":0},"end":{"line":490,"column":null}}]},"10":{"loc":{"start":{"line":487,"column":0},"end":{"line":487,"column":null}},"type":"binary-expr","locations":[{"start":{"line":487,"column":0},"end":{"line":487,"column":null}},{"start":{"line":487,"column":0},"end":{"line":487,"column":null}}]},"11":{"loc":{"start":{"line":495,"column":0},"end":{"line":498,"column":null}},"type":"if","locations":[{"start":{"line":495,"column":0},"end":{"line":498,"column":null}},{"start":{"line":495,"column":0},"end":{"line":498,"column":null}}]},"12":{"loc":{"start":{"line":495,"column":0},"end":{"line":495,"column":null}},"type":"binary-expr","locations":[{"start":{"line":495,"column":0},"end":{"line":495,"column":null}},{"start":{"line":495,"column":0},"end":{"line":495,"column":null}},{"start":{"line":495,"column":0},"end":{"line":495,"column":null}}]},"13":{"loc":{"start":{"line":501,"column":0},"end":{"line":508,"column":null}},"type":"if","locations":[{"start":{"line":501,"column":0},"end":{"line":508,"column":null}},{"start":{"line":501,"column":0},"end":{"line":508,"column":null}}]},"14":{"loc":{"start":{"line":501,"column":0},"end":{"line":501,"column":null}},"type":"binary-expr","locations":[{"start":{"line":501,"column":0},"end":{"line":501,"column":null}},{"start":{"line":501,"column":0},"end":{"line":501,"column":null}}]},"15":{"loc":{"start":{"line":551,"column":0},"end":{"line":577,"column":null}},"type":"if","locations":[{"start":{"line":551,"column":0},"end":{"line":577,"column":null}},{"start":{"line":551,"column":0},"end":{"line":577,"column":null}}]},"16":{"loc":{"start":{"line":551,"column":0},"end":{"line":551,"column":null}},"type":"binary-expr","locations":[{"start":{"line":551,"column":0},"end":{"line":551,"column":null}},{"start":{"line":551,"column":0},"end":{"line":551,"column":null}}]},"17":{"loc":{"start":{"line":552,"column":0},"end":{"line":554,"column":null}},"type":"if","locations":[{"start":{"line":552,"column":0},"end":{"line":554,"column":null}},{"start":{"line":552,"column":0},"end":{"line":554,"column":null}}]},"18":{"loc":{"start":{"line":558,"column":0},"end":{"line":575,"column":null}},"type":"if","locations":[{"start":{"line":558,"column":0},"end":{"line":575,"column":null}},{"start":{"line":558,"column":0},"end":{"line":575,"column":null}}]},"19":{"loc":{"start":{"line":558,"column":0},"end":{"line":558,"column":null}},"type":"binary-expr","locations":[{"start":{"line":558,"column":0},"end":{"line":558,"column":null}},{"start":{"line":558,"column":0},"end":{"line":558,"column":null}}]},"20":{"loc":{"start":{"line":561,"column":0},"end":{"line":574,"column":null}},"type":"if","locations":[{"start":{"line":561,"column":0},"end":{"line":574,"column":null}},{"start":{"line":561,"column":0},"end":{"line":574,"column":null}}]},"21":{"loc":{"start":{"line":562,"column":0},"end":{"line":562,"column":null}},"type":"cond-expr","locations":[{"start":{"line":562,"column":0},"end":{"line":562,"column":null}},{"start":{"line":562,"column":0},"end":{"line":562,"column":null}}]},"22":{"loc":{"start":{"line":564,"column":0},"end":{"line":574,"column":null}},"type":"if","locations":[{"start":{"line":564,"column":0},"end":{"line":574,"column":null}},{"start":{"line":564,"column":0},"end":{"line":574,"column":null}}]},"23":{"loc":{"start":{"line":565,"column":0},"end":{"line":565,"column":null}},"type":"cond-expr","locations":[{"start":{"line":565,"column":0},"end":{"line":565,"column":null}},{"start":{"line":565,"column":0},"end":{"line":565,"column":null}}]},"24":{"loc":{"start":{"line":568,"column":0},"end":{"line":568,"column":null}},"type":"cond-expr","locations":[{"start":{"line":568,"column":0},"end":{"line":568,"column":null}},{"start":{"line":568,"column":0},"end":{"line":568,"column":null}}]},"25":{"loc":{"start":{"line":569,"column":0},"end":{"line":571,"column":null}},"type":"if","locations":[{"start":{"line":569,"column":0},"end":{"line":571,"column":null}},{"start":{"line":569,"column":0},"end":{"line":571,"column":null}}]}},"s":{"0":1,"1":1,"2":7,"3":7,"4":7,"5":7,"6":0,"7":0,"8":0,"9":0,"10":0,"11":0,"12":0,"13":0,"14":0,"15":0,"16":0,"17":0,"18":0,"19":0,"20":0,"21":0,"22":0,"23":0,"24":0,"25":0,"26":0,"27":0,"28":0,"29":0,"30":0,"31":0,"32":0,"33":0,"34":0,"35":0,"36":0,"37":0,"38":0,"39":0,"40":0,"41":0,"42":0,"43":0,"44":0,"45":0,"46":0,"47":0,"48":0,"49":0,"50":0,"51":0,"52":0,"53":0,"54":0,"55":0,"56":0,"57":0,"58":0,"59":0,"60":1,"61":1,"62":0,"63":0,"64":0,"65":0,"66":0,"67":0,"68":0,"69":0,"70":0,"71":0,"72":0,"73":0,"74":0,"75":0,"76":0,"77":0,"78":0,"79":0,"80":0,"81":0,"82":0,"83":0,"84":0,"85":0,"86":0,"87":0,"88":0,"89":0,"90":0,"91":0,"92":0,"93":0,"94":0,"95":0,"96":0,"97":0,"98":0,"99":0,"100":0,"101":0,"102":0,"103":0,"104":0,"105":0,"106":0,"107":0,"108":0,"109":0,"110":0,"111":0,"112":0,"113":1,"114":0,"115":0,"116":0,"117":0,"118":0,"119":0,"120":0,"121":1,"122":1,"123":1,"124":1,"125":1,"126":1,"127":1,"128":1,"129":1,"130":1,"131":1,"132":4,"133":1,"134":1,"135":1,"136":1,"137":0,"138":0,"139":0,"140":0,"141":0,"142":0,"143":0,"144":0,"145":0,"146":0,"147":0,"148":0,"149":0,"150":0,"151":0,"152":1,"153":1,"154":1,"155":1,"156":1,"157":1,"158":0,"159":0,"160":0,"161":0,"162":0,"163":0,"164":0,"165":0,"166":0,"167":0,"168":0,"169":0,"170":0,"171":0,"172":0,"173":0,"174":0},"f":{"0":7,"1":7,"2":7,"3":0,"4":0,"5":0,"6":0,"7":0,"8":0,"9":0,"10":0,"11":0,"12":0,"13":0,"14":0,"15":0,"16":0,"17":1,"18":0,"19":0,"20":0,"21":1,"22":0,"23":1,"24":1,"25":4,"26":1,"27":0,"28":0,"29":0,"30":0,"31":0,"32":0},"b":{"0":[0,0,0],"1":[0,0],"2":[0,0],"3":[0,0],"4":[0,0,0],"5":[0,0],"6":[0,0],"7":[0,0],"8":[0,0],"9":[0,0],"10":[0,0],"11":[0,0],"12":[0,0,0],"13":[0,0],"14":[0,0],"15":[1,0],"16":[1,1],"17":[1,0],"18":[0,0],"19":[0,0],"20":[0,0],"21":[0,0],"22":[0,0],"23":[0,0],"24":[0,0],"25":[0,0]}}
}
