TN:
SF:src/components/KG.vue
FN:185,(anonymous_1)
FN:253,(anonymous_2)
FN:258,(anonymous_3)
FN:278,(anonymous_4)
FN:285,(anonymous_5)
FN:292,(anonymous_6)
FN:307,(anonymous_7)
FN:313,(anonymous_8)
FN:323,(anonymous_9)
FN:326,(anonymous_10)
FN:332,(anonymous_11)
FN:340,(anonymous_12)
FN:364,(anonymous_13)
FN:370,(anonymous_14)
FN:375,(anonymous_15)
FN:387,(anonymous_16)
FN:458,(anonymous_17)
FN:463,(anonymous_18)
FN:475,(anonymous_19)
FN:508,(anonymous_20)
FN:513,(anonymous_21)
FN:525,(anonymous_22)
FN:567,(anonymous_23)
FN:572,(anonymous_24)
FN:590,(anonymous_25)
FN:601,(anonymous_26)
FN:610,(anonymous_27)
FN:665,(anonymous_28)
FN:679,(anonymous_29)
FN:690,(anonymous_30)
FN:705,(anonymous_31)
FN:711,(anonymous_32)
FN:731,(anonymous_33)
FN:736,(anonymous_34)
FN:741,(anonymous_35)
FN:743,(anonymous_36)
FN:748,(anonymous_37)
FN:776,(anonymous_38)
FN:780,(anonymous_39)
FN:785,(anonymous_40)
FNF:40
FNH:28
FNDA:16,(anonymous_1)
FNDA:16,(anonymous_2)
FNDA:5,(anonymous_3)
FNDA:1,(anonymous_4)
FNDA:1,(anonymous_5)
FNDA:4,(anonymous_6)
FNDA:2,(anonymous_7)
FNDA:3,(anonymous_8)
FNDA:17,(anonymous_9)
FNDA:0,(anonymous_10)
FNDA:0,(anonymous_11)
FNDA:0,(anonymous_12)
FNDA:1,(anonymous_13)
FNDA:2,(anonymous_14)
FNDA:1,(anonymous_15)
FNDA:1,(anonymous_16)
FNDA:2,(anonymous_17)
FNDA:1,(anonymous_18)
FNDA:1,(anonymous_19)
FNDA:2,(anonymous_20)
FNDA:1,(anonymous_21)
FNDA:1,(anonymous_22)
FNDA:1,(anonymous_23)
FNDA:3,(anonymous_24)
FNDA:2,(anonymous_25)
FNDA:0,(anonymous_26)
FNDA:9,(anonymous_27)
FNDA:1,(anonymous_28)
FNDA:1,(anonymous_29)
FNDA:1,(anonymous_30)
FNDA:0,(anonymous_31)
FNDA:0,(anonymous_32)
FNDA:1,(anonymous_33)
FNDA:1,(anonymous_34)
FNDA:0,(anonymous_35)
FNDA:0,(anonymous_36)
FNDA:0,(anonymous_37)
FNDA:0,(anonymous_38)
FNDA:0,(anonymous_39)
FNDA:0,(anonymous_40)
DA:178,1
DA:180,1
DA:186,16
DA:254,16
DA:259,5
DA:260,5
DA:261,1
DA:264,4
DA:265,1
DA:266,3
DA:268,1
DA:269,2
DA:271,1
DA:274,1
DA:279,1
DA:280,1
DA:281,1
DA:286,1
DA:287,1
DA:288,1
DA:293,4
DA:294,1
DA:296,3
DA:297,1
DA:298,1
DA:299,2
DA:301,1
DA:303,1
DA:308,2
DA:309,2
DA:310,1
DA:313,2
DA:314,3
DA:316,1
DA:319,1
DA:325,17
DA:326,17
DA:328,0
DA:330,0
DA:331,0
DA:332,0
DA:333,0
DA:335,0
DA:336,0
DA:340,0
DA:341,0
DA:342,0
DA:343,0
DA:344,0
DA:345,0
DA:346,0
DA:348,0
DA:349,0
DA:350,0
DA:351,0
DA:353,0
DA:354,0
DA:355,0
DA:356,0
DA:358,0
DA:365,1
DA:367,1
DA:369,1
DA:370,1
DA:371,2
DA:375,1
DA:376,1
DA:377,1
DA:380,1
DA:388,1
DA:457,1
DA:458,1
DA:459,2
DA:463,1
DA:464,1
DA:465,1
DA:468,1
DA:476,1
DA:507,1
DA:508,1
DA:509,2
DA:513,1
DA:514,1
DA:515,1
DA:518,1
DA:526,1
DA:563,1
DA:568,1
DA:569,1
DA:573,3
DA:575,3
DA:576,3
DA:578,1
DA:579,1
DA:581,1
DA:582,1
DA:584,1
DA:585,1
DA:592,2
DA:593,2
DA:594,1
DA:595,1
DA:598,1
DA:600,1
DA:601,1
DA:602,0
DA:603,0
DA:604,0
DA:607,1
DA:612,9
DA:613,1
DA:614,1
DA:616,8
DA:617,1
DA:618,1
DA:620,7
DA:621,1
DA:622,1
DA:625,6
DA:626,1
DA:629,5
DA:630,5
DA:631,5
DA:632,1
DA:633,1
DA:637,4
DA:638,4
DA:639,4
DA:640,1
DA:641,1
DA:644,3
DA:645,3
DA:646,3
DA:647,1
DA:648,1
DA:652,2
DA:653,1
DA:654,1
DA:655,1
DA:656,1
DA:657,1
DA:661,2
DA:662,2
DA:666,1
DA:667,1
DA:672,1
DA:673,1
DA:674,1
DA:675,1
DA:676,1
DA:680,1
DA:681,1
DA:682,1
DA:683,1
DA:684,1
DA:685,1
DA:686,1
DA:687,1
DA:691,1
DA:692,1
DA:693,1
DA:694,1
DA:695,1
DA:696,1
DA:697,1
DA:698,1
DA:699,1
DA:700,1
DA:701,1
DA:702,1
DA:706,0
DA:707,0
DA:708,0
DA:712,0
DA:713,0
DA:714,0
DA:715,0
DA:728,0
DA:732,1
DA:733,1
DA:737,1
DA:738,1
DA:742,0
DA:743,0
DA:744,0
DA:749,0
DA:750,0
DA:751,0
DA:752,0
DA:759,0
DA:760,0
DA:761,0
DA:762,0
DA:763,0
DA:764,0
DA:768,0
DA:769,0
DA:770,0
DA:772,0
DA:777,0
DA:778,0
DA:779,0
DA:780,0
DA:781,0
DA:786,0
DA:787,0
DA:788,0
DA:789,0
DA:790,0
DA:791,0
LF:210
LH:148
BRDA:260,0,0,1
BRDA:260,0,1,4
BRDA:264,1,0,1
BRDA:264,1,1,3
BRDA:266,2,0,1
BRDA:266,2,1,2
BRDA:269,3,0,1
BRDA:269,3,1,1
BRDA:280,4,0,1
BRDA:280,4,1,0
BRDA:287,5,0,1
BRDA:287,5,1,0
BRDA:293,6,0,1
BRDA:293,6,1,3
BRDA:296,7,0,1
BRDA:296,7,1,2
BRDA:299,8,0,1
BRDA:299,8,1,1
BRDA:309,9,0,1
BRDA:309,9,1,1
BRDA:313,10,0,1
BRDA:313,10,1,1
BRDA:347,11,0,0
BRDA:347,11,1,0
BRDA:347,11,2,0
BRDA:376,12,0,1
BRDA:376,12,1,0
BRDA:464,13,0,1
BRDA:464,13,1,0
BRDA:514,14,0,1
BRDA:514,14,1,0
BRDA:577,15,0,1
BRDA:577,15,1,1
BRDA:577,15,2,1
BRDA:593,16,0,1
BRDA:593,16,1,1
BRDA:612,17,0,1
BRDA:612,17,1,8
BRDA:616,18,0,1
BRDA:616,18,1,7
BRDA:620,19,0,1
BRDA:620,19,1,6
BRDA:625,20,0,1
BRDA:625,20,1,5
BRDA:625,21,0,6
BRDA:625,21,1,5
BRDA:625,21,2,5
BRDA:631,22,0,1
BRDA:631,22,1,4
BRDA:631,23,0,5
BRDA:631,23,1,5
BRDA:639,24,0,1
BRDA:639,24,1,3
BRDA:639,25,0,4
BRDA:639,25,1,4
BRDA:639,25,2,3
BRDA:646,26,0,1
BRDA:646,26,1,2
BRDA:652,27,0,1
BRDA:652,27,1,1
BRDA:652,28,0,2
BRDA:652,28,1,1
BRDA:750,29,0,0
BRDA:750,29,1,0
BRDA:751,30,0,0
BRDA:751,30,1,0
BRDA:763,31,0,0
BRDA:763,31,1,0
BRDA:786,32,0,0
BRDA:786,32,1,0
BRDA:789,33,0,0
BRDA:789,33,1,0
BRF:72
BRH:54
end_of_record
